<?xml version="1.0" encoding="UTF-8"?>
<!-- Generated by org.testng.reporters.JUnitReportReporter -->
<testsuite skipped="0" hostname="ShwethaReddy" name="com.sample.test.demo.tests.DemoTest" tests="1" failures="0" timestamp="23 Dec 2020 16:45:43 GMT" time="0.007" errors="0">
  <testcase name="demoTest" time="0.007" classname="com.sample.test.demo.tests.DemoTest"/>
</testsuite> <!-- com.sample.test.demo.tests.DemoTest -->
